# JRE version: Java(TM) SE Runtime Environment (8.0_161-b12) (build 1.8.0_161-b12)
# Java VM: Java HotSpot(TM) 64-Bit Server VM (25.161-b12 mixed mode windows-amd64 compressed oops)
Heap:
 PSYoungGen      total 697344K, used 361873K [0x000000076b500000, 0x000000079d900000, 0x00000007c0000000)
  eden space 626688K, 46% used [0x000000076b500000,0x000000077d471bb0,0x0000000791900000)
  from space 70656K, 95% used [0x0000000799400000,0x000000079d5f2b38,0x000000079d900000)
  to   space 98304K, 0% used [0x0000000791900000,0x0000000791900000,0x0000000797900000)
 ParOldGen       total 172032K, used 111889K [0x00000006c1e00000, 0x00000006cc600000, 0x000000076b500000)
  object space 172032K, 65% used [0x00000006c1e00000,0x00000006c8b44660,0x00000006cc600000)
 Metaspace       used 49724K, capacity 54504K, committed 54656K, reserved 1095680K
  class space    used 6882K, capacity 7759K, committed 7808K, reserved 1048576K
GC Heap History (10 events):
Event: 134.602 GC heap before
{Heap before GC invocations=12 (full 2):
 PSYoungGen      total 500224K, used 500194K [0x000000076b500000, 0x0000000797680000, 0x00000007c0000000)
  eden space 445440K, 100% used [0x000000076b500000,0x0000000786800000,0x0000000786800000)
  from space 54784K, 99% used [0x0000000786800000,0x0000000789d788a8,0x0000000789d80000)
  to   space 73728K, 0% used [0x0000000792e80000,0x0000000792e80000,0x0000000797680000)
 ParOldGen       total 172032K, used 94949K [0x00000006c1e00000, 0x00000006cc600000, 0x000000076b500000)
  object space 172032K, 55% used [0x00000006c1e00000,0x00000006c7ab9688,0x00000006cc600000)
 Metaspace       used 49611K, capacity 54412K, committed 54656K, reserved 1095680K
  class space    used 6872K, capacity 7755K, committed 7808K, reserved 1048576K
Event: 134.626 GC heap after
Heap after GC invocations=12 (full 2):
 PSYoungGen      total 617984K, used 49893K [0x000000076b500000, 0x0000000796b00000, 0x00000007c0000000)
  eden space 556032K, 0% used [0x000000076b500000,0x000000076b500000,0x000000078d400000)
  from space 61952K, 80% used [0x0000000792e80000,0x0000000795f39650,0x0000000796b00000)
  to   space 77312K, 0% used [0x000000078d400000,0x000000078d400000,0x0000000791f80000)
 ParOldGen       total 172032K, used 111857K [0x00000006c1e00000, 0x00000006cc600000, 0x000000076b500000)
  object space 172032K, 65% used [0x00000006c1e00000,0x00000006c8b3c660,0x00000006cc600000)
 Metaspace       used 49611K, capacity 54412K, committed 54656K, reserved 1095680K
  class space    used 6872K, capacity 7755K, committed 7808K, reserved 1048576K
}
Event: 218.668 GC heap before
{Heap before GC invocations=13 (full 2):
 PSYoungGen      total 617984K, used 605925K [0x000000076b500000, 0x0000000796b00000, 0x00000007c0000000)
  eden space 556032K, 100% used [0x000000076b500000,0x000000078d400000,0x000000078d400000)
  from space 61952K, 80% used [0x0000000792e80000,0x0000000795f39650,0x0000000796b00000)
  to   space 77312K, 0% used [0x000000078d400000,0x000000078d400000,0x0000000791f80000)
 ParOldGen       total 172032K, used 111857K [0x00000006c1e00000, 0x00000006cc600000, 0x000000076b500000)
  object space 172032K, 65% used [0x00000006c1e00000,0x00000006c8b3c660,0x00000006cc600000)
 Metaspace       used 49630K, capacity 54430K, committed 54656K, reserved 1095680K
  class space    used 6875K, capacity 7758K, committed 7808K, reserved 1048576K
Event: 218.762 GC heap after
Heap after GC invocations=13 (full 2):
 PSYoungGen      total 633344K, used 51306K [0x000000076b500000, 0x000000079e200000, 0x00000007c0000000)
  eden space 556032K, 0% used [0x000000076b500000,0x000000076b500000,0x000000078d400000)
  from space 77312K, 66% used [0x000000078d400000,0x000000079061a900,0x0000000791f80000)
  to   space 79872K, 0% used [0x0000000799400000,0x0000000799400000,0x000000079e200000)
 ParOldGen       total 172032K, used 111865K [0x00000006c1e00000, 0x00000006cc600000, 0x000000076b500000)
  object space 172032K, 65% used [0x00000006c1e00000,0x00000006c8b3e660,0x00000006cc600000)
 Metaspace       used 49630K, capacity 54430K, committed 54656K, reserved 1095680K
  class space    used 6875K, capacity 7758K, committed 7808K, reserved 1048576K
}
Event: 281.929 GC heap before
{Heap before GC invocations=14 (full 2):
 PSYoungGen      total 633344K, used 607338K [0x000000076b500000, 0x000000079e200000, 0x00000007c0000000)
  eden space 556032K, 100% used [0x000000076b500000,0x000000078d400000,0x000000078d400000)
  from space 77312K, 66% used [0x000000078d400000,0x000000079061a900,0x0000000791f80000)
  to   space 79872K, 0% used [0x0000000799400000,0x0000000799400000,0x000000079e200000)
 ParOldGen       total 172032K, used 111865K [0x00000006c1e00000, 0x00000006cc600000, 0x000000076b500000)
  object space 172032K, 65% used [0x00000006c1e00000,0x00000006c8b3e660,0x00000006cc600000)
 Metaspace       used 49631K, capacity 54430K, committed 54656K, reserved 1095680K
  class space    used 6875K, capacity 7758K, committed 7808K, reserved 1048576K
Event: 281.969 GC heap after
Heap after GC invocations=14 (full 2):
 PSYoungGen      total 728064K, used 65199K [0x000000076b500000, 0x000000079dd80000, 0x00000007c0000000)
  eden space 652800K, 0% used [0x000000076b500000,0x000000076b500000,0x0000000793280000)
  from space 75264K, 86% used [0x0000000799400000,0x000000079d3abcc0,0x000000079dd80000)
  to   space 87552K, 0% used [0x0000000793280000,0x0000000793280000,0x0000000798800000)
 ParOldGen       total 172032K, used 111873K [0x00000006c1e00000, 0x00000006cc600000, 0x000000076b500000)
  object space 172032K, 65% used [0x00000006c1e00000,0x00000006c8b40660,0x00000006cc600000)
 Metaspace       used 49631K, capacity 54430K, committed 54656K, reserved 1095680K
  class space    used 6875K, capacity 7758K, committed 7808K, reserved 1048576K
}
Event: 338.391 GC heap before
{Heap before GC invocations=15 (full 2):
 PSYoungGen      total 728064K, used 717999K [0x000000076b500000, 0x000000079dd80000, 0x00000007c0000000)
  eden space 652800K, 100% used [0x000000076b500000,0x0000000793280000,0x0000000793280000)
  from space 75264K, 86% used [0x0000000799400000,0x000000079d3abcc0,0x000000079dd80000)
  to   space 87552K, 0% used [0x0000000793280000,0x0000000793280000,0x0000000798800000)
 ParOldGen       total 172032K, used 111873K [0x00000006c1e00000, 0x00000006cc600000, 0x000000076b500000)
  object space 172032K, 65% used [0x00000006c1e00000,0x00000006c8b40660,0x00000006cc600000)
 Metaspace       used 49707K, capacity 54494K, committed 54656K, reserved 1095680K
  class space    used 6881K, capacity 7758K, committed 7808K, reserved 1048576K
Event: 338.439 GC heap after
Heap after GC invocations=15 (full 2):
 PSYoungGen      total 740352K, used 66346K [0x000000076b500000, 0x000000079dd80000, 0x00000007c0000000)
  eden space 652800K, 0% used [0x000000076b500000,0x000000076b500000,0x0000000793280000)
  from space 87552K, 75% used [0x0000000793280000,0x000000079734aae8,0x0000000798800000)
  to   space 75264K, 0% used [0x0000000799400000,0x0000000799400000,0x000000079dd80000)
 ParOldGen       total 172032K, used 111881K [0x00000006c1e00000, 0x00000006cc600000, 0x000000076b500000)
  object space 172032K, 65% used [0x00000006c1e00000,0x00000006c8b42660,0x00000006cc600000)
 Metaspace       used 49707K, capacity 54494K, committed 54656K, reserved 1095680K
  class space    used 6881K, capacity 7758K, committed 7808K, reserved 1048576K
}
Event: 406.882 GC heap before
{Heap before GC invocations=16 (full 2):
 PSYoungGen      total 740352K, used 719146K [0x000000076b500000, 0x000000079dd80000, 0x00000007c0000000)
  eden space 652800K, 100% used [0x000000076b500000,0x0000000793280000,0x0000000793280000)
  from space 87552K, 75% used [0x0000000793280000,0x000000079734aae8,0x0000000798800000)
  to   space 75264K, 0% used [0x0000000799400000,0x0000000799400000,0x000000079dd80000)
 ParOldGen       total 172032K, used 111881K [0x00000006c1e00000, 0x00000006cc600000, 0x000000076b500000)
  object space 172032K, 65% used [0x00000006c1e00000,0x00000006c8b42660,0x00000006cc600000)
 Metaspace       used 49715K, capacity 54504K, committed 54656K, reserved 1095680K
  class space    used 6882K, capacity 7759K, committed 7808K, reserved 1048576K
Event: 406.942 GC heap after
Heap after GC invocations=16 (full 2):
 PSYoungGen      total 697344K, used 67530K [0x000000076b500000, 0x000000079d900000, 0x00000007c0000000)
  eden space 626688K, 0% used [0x000000076b500000,0x000000076b500000,0x0000000791900000)
  from space 70656K, 95% used [0x0000000799400000,0x000000079d5f2b38,0x000000079d900000)
  to   space 98304K, 0% used [0x0000000791900000,0x0000000791900000,0x0000000797900000)
 ParOldGen       total 172032K, used 111889K [0x00000006c1e00000, 0x00000006cc600000, 0x000000076b500000)
  object space 172032K, 65% used [0x00000006c1e00000,0x00000006c8b44660,0x00000006cc600000)
 Metaspace       used 49715K, capacity 54504K, committed 54656K, reserved 1095680K
  class space    used 6882K, capacity 7759K, committed 7808K, reserved 1048576K
}

